<?xml version="1.0" encoding="utf-8"?><testsuites name="pytest tests"><testsuite name="pytest" errors="0" failures="1" skipped="0" tests="34" time="11.849" timestamp="2026-07-14T21:05:44.215215+00:00" hostname="agent-env-38884358-aeef-400a-af71-6fffe7f2864b"><testcase classname="tests.backend_test.TestAuth" name="test_health" time="0.272" /><testcase classname="tests.backend_test.TestAuth" name="test_admin_login_returns_tokens" time="0.487" /><testcase classname="tests.backend_test.TestAuth" name="test_me" time="0.108" /><testcase classname="tests.backend_test.TestAuth" name="test_refresh" time="0.114" /><testcase classname="tests.backend_test.TestQR" name="test_create_various_types" time="3.257" /><testcase classname="tests.backend_test.TestAuth" name="test_change_password_wrong_current" time="0.362" /><testcase classname="tests.backend_test.TestAuth" name="test_change_password_roundtrip" time="1.908" /><testcase classname="tests.backend_test.TestMisc" name="test_dashboard_stats_super" time="0.336" /><testcase classname="tests.backend_test.TestQR" name="test_preview_public_no_auth" time="1.476" /><testcase classname="tests.backend_test.TestQR" name="test_preview_dynamic_public" time="0.532" /><testcase classname="tests.backend_test.TestQR" name="test_scan_redirect_and_analytics" time="1.652" /><testcase classname="tests.backend_test.TestMisc" name="test_dashboard_stats_manager" time="2.321" /><testcase classname="tests.backend_test.TestMisc" name="test_search" time="0.137" /><testcase classname="tests.backend_test.TestMisc" name="test_activity_logs" time="0.122" /><testcase classname="tests.backend_test.TestMisc" name="test_folders_crud" time="0.451" /><testcase classname="tests.backend_test.TestMisc" name="test_upload_image" time="0.240" /><testcase classname="tests.backend_test.TestRBAC" name="test_manager_cannot_list_companies" time="0.117" /><testcase classname="tests.backend_test.TestQR" name="test_analytics_export_csv" time="0.133" /><testcase classname="tests.backend_test.TestRBAC" name="test_manager_cannot_list_managers" time="0.146" /><testcase classname="tests.backend_test.TestQR" name="test_pause_and_resume" time="0.504" /><testcase classname="tests.backend_test.TestRBAC" name="test_manager_cannot_create_qr" time="0.135" /><testcase classname="tests.backend_test.TestCompanies" name="test_list" time="0.111" /><testcase classname="tests.backend_test.TestCompanies" name="test_full_lifecycle" time="0.681" /><testcase classname="tests.backend_test.TestQR" name="test_scan_records_analytics_immediately" time="0.332" /><testcase classname="tests.backend_test.TestQR" name="test_deleted_qr_returns_410" time="0.342" /><testcase classname="tests.backend_test.TestManagers" name="test_list" time="0.112" /><testcase classname="tests.backend_test.TestManagers" name="test_reset_password" time="1.084" /><testcase classname="tests.backend_test.TestQR" name="test_expired_qr_returns_410" time="0.616" /><testcase classname="tests.backend_test.TestQR" name="test_scan_limit_exceeded_returns_410" time="0.518" /><testcase classname="tests.backend_test.TestBruteForce" name="test_lockout_after_5_failures" time="0.878" /><testcase classname="tests.backend_test.TestQR" name="test_version_bumps_on_design_change" time="0.421"><failure message="assert 404 == 200&#10; +  where 404 = &lt;Response [404]&gt;.status_code">backend/tests/backend_test.py:314: in test_version_bumps_on_design_change
    assert rh.status_code == 200
E   assert 404 == 200
E    +  where 404 = &lt;Response [404]&gt;.status_code</failure></testcase><testcase classname="tests.backend_test.TestQR" name="test_delete_and_restore" time="0.718" /><testcase classname="tests.backend_test.TestQR" name="test_manager_edit_own_qr" time="0.452" /><testcase classname="tests.backend_test.TestQR" name="test_manager_cannot_edit_other_qr" time="0.229" /></testsuite></testsuites>