<?xml version="1.0" encoding="utf-8"?><testsuites name="pytest tests"><testsuite name="pytest" errors="0" failures="2" skipped="0" tests="29" time="9.335" timestamp="2026-07-14T20:59:46.722367+00:00" hostname="agent-env-38884358-aeef-400a-af71-6fffe7f2864b"><testcase classname="tests.backend_test.TestAuth" name="test_health" time="0.480" /><testcase classname="tests.backend_test.TestQR" name="test_create_various_types" time="1.981" /><testcase classname="tests.backend_test.TestAuth" name="test_admin_login_returns_tokens" time="0.340" /><testcase classname="tests.backend_test.TestAuth" name="test_me" time="0.109" /><testcase classname="tests.backend_test.TestAuth" name="test_refresh" time="0.124" /><testcase classname="tests.backend_test.TestAuth" name="test_change_password_wrong_current" time="0.350" /><testcase classname="tests.backend_test.TestAuth" name="test_change_password_roundtrip" time="1.694" /><testcase classname="tests.backend_test.TestQR" name="test_preview_public_no_auth" time="2.165" /><testcase classname="tests.backend_test.TestMisc" name="test_dashboard_stats_super" time="1.049" /><testcase classname="tests.backend_test.TestQR" name="test_preview_dynamic_public" time="0.455" /><testcase classname="tests.backend_test.TestQR" name="test_scan_redirect_and_analytics" time="0.156"><failure message="AssertionError: 200&#10;assert 200 in (301, 302)&#10; +  where 200 = &lt;Response [200]&gt;.status_code">backend/tests/backend_test.py:216: in test_scan_redirect_and_analytics
    assert r.status_code in (301, 302), r.status_code
E   AssertionError: 200
E   assert 200 in (301, 302)
E    +  where 200 = &lt;Response [200]&gt;.status_code</failure></testcase><testcase classname="tests.backend_test.TestQR" name="test_analytics_export_csv" time="0.193" /><testcase classname="tests.backend_test.TestQR" name="test_pause_and_resume" time="0.403"><failure message="assert 'Paused' in '&lt;!doctype html&gt;\n&lt;html lang=&quot;en&quot;&gt;\n    &lt;head&gt;\n        &lt;meta charset=&quot;utf-8&quot; /&gt;\n        &lt;meta name=&quot;viewport&quot; content=&quot;width=device-width, initial-scale=1&quot; /&gt;\n        &lt;meta name=&quot;theme-color&quot; content=&quot;#000000&quot; /&gt;\n        &lt;meta name=&quot;description&quot; content=&quot;A product of emergent.sh&quot; /&gt;\n        &lt;link rel=&quot;preconnect&quot; href=&quot;https://fonts.googleapis.com&quot; /&gt;\n        &lt;link rel=&quot;preconnect&quot; href=&quot;https://fonts.gstatic.com&quot; crossorigin /&gt;\n        &lt;link href=&quot;https://fonts.googleapis.com/css2?family=Inter:wght@600&amp;display=swap&quot; rel=&quot;stylesheet&quot; /&gt;\n        &lt;!--\n        manifest.json provides metadata used when your web app is installed on a\n        user\'s mobile device or desktop. See https://developers.google.com/web/fundamentals/web-app-manifest/\n        --&gt;\n        &lt;!--\n        Notice the use of  in the tags above.\n        It will be replaced with the URL of the `public` folder during the build.\n        Only files inside the `public` folder can be referenced from the HTML.\n\n        Unlike &quot;/favicon.ico&quot; or &quot;favicon.ico&quot;, &quot;/favicon.ico&quot; will\n        work correctly both with client-side routing and a non-root public URL.\n        Learn how to configure a non-root public U...les for anonymous users as well,\n                session_recording: {\n                    recordCrossOriginIframes: true,\n                    capturePerformance: false,\n                },\n            });\n        &lt;/script&gt;\n    &lt;script&gt;(function(){function c(){var b=a.contentDocument||a.contentWindow.document;if(b){var d=b.createElement(\'script\');d.innerHTML=&quot;window.__CF$cv$params={r:\'a1b37425ce52844a\',t:\'MTc4NDA2Mjc5Mg==\'};var a=document.createElement(\'script\');a.src=\'/cdn-cgi/challenge-platform/scripts/jsd/main.js\';document.getElementsByTagName(\'head\')[0].appendChild(a);&quot;;b.getElementsByTagName(\'head\')[0].appendChild(d)}}if(document.body){var a=document.createElement(\'iframe\');a.height=1;a.width=1;a.style.position=\'absolute\';a.style.top=0;a.style.left=0;a.style.border=\'none\';a.style.visibility=\'hidden\';document.body.appendChild(a);if(\'loading\'!==document.readyState)c();else if(window.addEventListener)document.addEventListener(\'DOMContentLoaded\',c);else{var e=document.onreadystatechange||function(){};document.onreadystatechange=function(b){e(b);\'loading\'!==document.readyState&amp;&amp;(document.onreadystatechange=e,c())}}}})();&lt;/script&gt;&lt;/body&gt;\n&lt;/html&gt;\n'&#10; +  where '&lt;!doctype html&gt;\n&lt;html lang=&quot;en&quot;&gt;\n    &lt;head&gt;\n        &lt;meta charset=&quot;utf-8&quot; /&gt;\n        &lt;meta name=&quot;viewport&quot; content=&quot;width=device-width, initial-scale=1&quot; /&gt;\n        &lt;meta name=&quot;theme-color&quot; content=&quot;#000000&quot; /&gt;\n        &lt;meta name=&quot;description&quot; content=&quot;A product of emergent.sh&quot; /&gt;\n        &lt;link rel=&quot;preconnect&quot; href=&quot;https://fonts.googleapis.com&quot; /&gt;\n        &lt;link rel=&quot;preconnect&quot; href=&quot;https://fonts.gstatic.com&quot; crossorigin /&gt;\n        &lt;link href=&quot;https://fonts.googleapis.com/css2?family=Inter:wght@600&amp;display=swap&quot; rel=&quot;stylesheet&quot; /&gt;\n        &lt;!--\n        manifest.json provides metadata used when your web app is installed on a\n        user\'s mobile device or desktop. See https://developers.google.com/web/fundamentals/web-app-manifest/\n        --&gt;\n        &lt;!--\n        Notice the use of  in the tags above.\n        It will be replaced with the URL of the `public` folder during the build.\n        Only files inside the `public` folder can be referenced from the HTML.\n\n        Unlike &quot;/favicon.ico&quot; or &quot;favicon.ico&quot;, &quot;/favicon.ico&quot; will\n        work correctly both with client-side routing and a non-root public URL.\n        Learn how to configure a non-root public U...les for anonymous users as well,\n                session_recording: {\n                    recordCrossOriginIframes: true,\n                    capturePerformance: false,\n                },\n            });\n        &lt;/script&gt;\n    &lt;script&gt;(function(){function c(){var b=a.contentDocument||a.contentWindow.document;if(b){var d=b.createElement(\'script\');d.innerHTML=&quot;window.__CF$cv$params={r:\'a1b37425ce52844a\',t:\'MTc4NDA2Mjc5Mg==\'};var a=document.createElement(\'script\');a.src=\'/cdn-cgi/challenge-platform/scripts/jsd/main.js\';document.getElementsByTagName(\'head\')[0].appendChild(a);&quot;;b.getElementsByTagName(\'head\')[0].appendChild(d)}}if(document.body){var a=document.createElement(\'iframe\');a.height=1;a.width=1;a.style.position=\'absolute\';a.style.top=0;a.style.left=0;a.style.border=\'none\';a.style.visibility=\'hidden\';document.body.appendChild(a);if(\'loading\'!==document.readyState)c();else if(window.addEventListener)document.addEventListener(\'DOMContentLoaded\',c);else{var e=document.onreadystatechange||function(){};document.onreadystatechange=function(b){e(b);\'loading\'!==document.readyState&amp;&amp;(document.onreadystatechange=e,c())}}}})();&lt;/script&gt;&lt;/body&gt;\n&lt;/html&gt;\n' = &lt;Response [200]&gt;.text">backend/tests/backend_test.py:235: in test_pause_and_resume
    assert "Paused" in r.text
E   assert 'Paused' in '&lt;!doctype html&gt;\n&lt;html lang="en"&gt;\n    &lt;head&gt;\n        &lt;meta charset="utf-8" /&gt;\n        &lt;meta name="viewport" content="width=device-width, initial-scale=1" /&gt;\n        &lt;meta name="theme-color" content="#000000" /&gt;\n        &lt;meta name="description" content="A product of emergent.sh" /&gt;\n        &lt;link rel="preconnect" href="https://fonts.googleapis.com" /&gt;\n        &lt;link rel="preconnect" href="https://fonts.gstatic.com" crossorigin /&gt;\n        &lt;link href="https://fonts.googleapis.com/css2?family=Inter:wght@600&amp;display=swap" rel="stylesheet" /&gt;\n        &lt;!--\n        manifest.json provides metadata used when your web app is installed on a\n        user\'s mobile device or desktop. See https://developers.google.com/web/fundamentals/web-app-manifest/\n        --&gt;\n        &lt;!--\n        Notice the use of  in the tags above.\n        It will be replaced with the URL of the `public` folder during the build.\n        Only files inside the `public` folder can be referenced from the HTML.\n\n        Unlike "/favicon.ico" or "favicon.ico", "/favicon.ico" will\n        work correctly both with client-side routing and a non-root public URL.\n        Learn how to configure a non-root public U...les for anonymous users as well,\n                session_recording: {\n                    recordCrossOriginIframes: true,\n                    capturePerformance: false,\n                },\n            });\n        &lt;/script&gt;\n    &lt;script&gt;(function(){function c(){var b=a.contentDocument||a.contentWindow.document;if(b){var d=b.createElement(\'script\');d.innerHTML="window.__CF$cv$params={r:\'a1b37425ce52844a\',t:\'MTc4NDA2Mjc5Mg==\'};var a=document.createElement(\'script\');a.src=\'/cdn-cgi/challenge-platform/scripts/jsd/main.js\';document.getElementsByTagName(\'head\')[0].appendChild(a);";b.getElementsByTagName(\'head\')[0].appendChild(d)}}if(document.body){var a=document.createElement(\'iframe\');a.height=1;a.width=1;a.style.position=\'absolute\';a.style.top=0;a.style.left=0;a.style.border=\'none\';a.style.visibility=\'hidden\';document.body.appendChild(a);if(\'loading\'!==document.readyState)c();else if(window.addEventListener)document.addEventListener(\'DOMContentLoaded\',c);else{var e=document.onreadystatechange||function(){};document.onreadystatechange=function(b){e(b);\'loading\'!==document.readyState&amp;&amp;(document.onreadystatechange=e,c())}}}})();&lt;/script&gt;&lt;/body&gt;\n&lt;/html&gt;\n'
E    +  where '&lt;!doctype html&gt;\n&lt;html lang="en"&gt;\n    &lt;head&gt;\n        &lt;meta charset="utf-8" /&gt;\n        &lt;meta name="viewport" content="width=device-width, initial-scale=1" /&gt;\n        &lt;meta name="theme-color" content="#000000" /&gt;\n        &lt;meta name="description" content="A product of emergent.sh" /&gt;\n        &lt;link rel="preconnect" href="https://fonts.googleapis.com" /&gt;\n        &lt;link rel="preconnect" href="https://fonts.gstatic.com" crossorigin /&gt;\n        &lt;link href="https://fonts.googleapis.com/css2?family=Inter:wght@600&amp;display=swap" rel="stylesheet" /&gt;\n        &lt;!--\n        manifest.json provides metadata used when your web app is installed on a\n        user\'s mobile device or desktop. See https://developers.google.com/web/fundamentals/web-app-manifest/\n        --&gt;\n        &lt;!--\n        Notice the use of  in the tags above.\n        It will be replaced with the URL of the `public` folder during the build.\n        Only files inside the `public` folder can be referenced from the HTML.\n\n        Unlike "/favicon.ico" or "favicon.ico", "/favicon.ico" will\n        work correctly both with client-side routing and a non-root public URL.\n        Learn how to configure a non-root public U...les for anonymous users as well,\n                session_recording: {\n                    recordCrossOriginIframes: true,\n                    capturePerformance: false,\n                },\n            });\n        &lt;/script&gt;\n    &lt;script&gt;(function(){function c(){var b=a.contentDocument||a.contentWindow.document;if(b){var d=b.createElement(\'script\');d.innerHTML="window.__CF$cv$params={r:\'a1b37425ce52844a\',t:\'MTc4NDA2Mjc5Mg==\'};var a=document.createElement(\'script\');a.src=\'/cdn-cgi/challenge-platform/scripts/jsd/main.js\';document.getElementsByTagName(\'head\')[0].appendChild(a);";b.getElementsByTagName(\'head\')[0].appendChild(d)}}if(document.body){var a=document.createElement(\'iframe\');a.height=1;a.width=1;a.style.position=\'absolute\';a.style.top=0;a.style.left=0;a.style.border=\'none\';a.style.visibility=\'hidden\';document.body.appendChild(a);if(\'loading\'!==document.readyState)c();else if(window.addEventListener)document.addEventListener(\'DOMContentLoaded\',c);else{var e=document.onreadystatechange||function(){};document.onreadystatechange=function(b){e(b);\'loading\'!==document.readyState&amp;&amp;(document.onreadystatechange=e,c())}}}})();&lt;/script&gt;&lt;/body&gt;\n&lt;/html&gt;\n' = &lt;Response [200]&gt;.text</failure></testcase><testcase classname="tests.backend_test.TestMisc" name="test_dashboard_stats_manager" time="1.279" /><testcase classname="tests.backend_test.TestQR" name="test_delete_and_restore" time="0.582" /><testcase classname="tests.backend_test.TestMisc" name="test_search" time="0.143" /><testcase classname="tests.backend_test.TestMisc" name="test_activity_logs" time="0.111" /><testcase classname="tests.backend_test.TestMisc" name="test_folders_crud" time="0.350" /><testcase classname="tests.backend_test.TestMisc" name="test_upload_image" time="0.386" /><testcase classname="tests.backend_test.TestQR" name="test_manager_edit_own_qr" time="0.462" /><testcase classname="tests.backend_test.TestRBAC" name="test_manager_cannot_list_companies" time="0.109" /><testcase classname="tests.backend_test.TestQR" name="test_manager_cannot_edit_other_qr" time="0.242" /><testcase classname="tests.backend_test.TestRBAC" name="test_manager_cannot_list_managers" time="0.119" /><testcase classname="tests.backend_test.TestRBAC" name="test_manager_cannot_create_qr" time="0.107" /><testcase classname="tests.backend_test.TestCompanies" name="test_list" time="0.156" /><testcase classname="tests.backend_test.TestManagers" name="test_list" time="0.115" /><testcase classname="tests.backend_test.TestCompanies" name="test_full_lifecycle" time="1.180" /><testcase classname="tests.backend_test.TestManagers" name="test_reset_password" time="1.011" /><testcase classname="tests.backend_test.TestBruteForce" name="test_lockout_after_5_failures" time="0.707" /></testsuite></testsuites>